<?xml version="1.0" encoding="UTF-8"?>
<!-- Generated by org.testng.reporters.JUnitReportReporter -->
<testsuite hostname="TL282" failures="0" tests="1" name="MTMAutomation.DispatchTest.MTMDispatchTest" time="50.412" errors="0" timestamp="2025-03-29T05:14:47 IST" skipped="0">
  <testcase classname="MTMAutomation.DispatchTest.MTMDispatchTest" name="verifyTabsOnHomePage" time="50.412"/>
</testsuite> <!-- MTMAutomation.DispatchTest.MTMDispatchTest -->
