<?xml version="1.0" encoding="UTF-8"?>
<!-- Generated by org.testng.reporters.JUnitReportReporter -->
<testsuite hostname="TL513" failures="0" tests="1" name="MTMAutomation.DispatchTest.MTMDispatchTest" time="42.307" errors="0" timestamp="2025-03-25T12:04:49 IST" skipped="0">
  <testcase classname="MTMAutomation.DispatchTest.MTMDispatchTest" name="verifyLYFTClear_TC_13" time="42.307"/>
</testsuite> <!-- MTMAutomation.DispatchTest.MTMDispatchTest -->
