<?xml version="1.0" encoding="UTF-8"?>
<!-- Generated by org.testng.reporters.JUnitReportReporter -->
<testsuite hostname="TL513" failures="0" tests="1" name="MTMAutomation.DispatchTest.MTMDispatchTest" time="60.851" errors="0" timestamp="2025-03-24T16:33:14 IST" skipped="0">
  <testcase classname="MTMAutomation.DispatchTest.MTMDispatchTest" name="verifySignOut_TC_09" time="60.851"/>
</testsuite> <!-- MTMAutomation.DispatchTest.MTMDispatchTest -->
