<?xml version="1.0" encoding="UTF-8"?>
<!-- Generated by org.testng.reporters.JUnitReportReporter -->
<testsuite hostname="TL452" failures="0" tests="1" name="MTMAutomation.DispatchTest.SampleTest" time="16.852" errors="0" timestamp="2025-04-09T16:09:48 IST" skipped="0">
  <testcase classname="MTMAutomation.DispatchTest.SampleTest" name="google" time="16.852"/>
</testsuite> <!-- MTMAutomation.DispatchTest.SampleTest -->
