<?xml version="1.0" encoding="UTF-8"?>
<!-- Generated by org.testng.reporters.JUnitReportReporter -->
<testsuite hostname="TL282" failures="0" tests="1" name="MTMAutomation.DispatchTest.MTMDispatchTest" time="155.209" errors="0" timestamp="2025-04-01T18:46:33 IST" skipped="0">
  <testcase classname="MTMAutomation.DispatchTest.MTMDispatchTest" name="toVerifyTimeFrameFilter" time="155.209"/>
</testsuite> <!-- MTMAutomation.DispatchTest.MTMDispatchTest -->
