<?xml version="1.0" encoding="UTF-8"?>
<!-- Generated by org.testng.reporters.JUnitReportReporter -->
<testsuite hostname="TL282" failures="0" tests="1" name="MTMAutomation.DispatchTest.MTMDispatchTest" time="138.609" errors="0" timestamp="2025-03-29T03:12:12 IST" skipped="0">
  <testcase classname="MTMAutomation.DispatchTest.MTMDispatchTest" name="toVerifyTimeFrameFilter" time="138.609"/>
</testsuite> <!-- MTMAutomation.DispatchTest.MTMDispatchTest -->
