<?xml version="1.0" encoding="UTF-8"?>
<!-- Generated by org.testng.reporters.JUnitReportReporter -->
<testsuite hostname="TL282" failures="0" tests="4" name="MTMAutomation.DispatchTest.MTMDispatchTest" time="107.876" errors="0" timestamp="2025-04-23T12:04:31 IST" skipped="3">
  <testcase classname="MTMAutomation.DispatchTest.MTMDispatchTest" name="verifyTimeFrameFilter" time="107.876"/>
  <testcase classname="MTMAutomation.DispatchTest.MTMDispatchTest" name="verifyOLOSSearch_TC_08">
    <skipped/>
  </testcase> <!-- verifyOLOSSearch_TC_08 -->
  <testcase classname="MTMAutomation.DispatchTest.MTMDispatchTest" name="verfiyLocationOfTheTips">
    <skipped/>
  </testcase> <!-- verfiyLocationOfTheTips -->
  <testcase classname="MTMAutomation.DispatchTest.MTMDispatchTest" name="verifySignOut_TC_09">
    <skipped/>
  </testcase> <!-- verifySignOut_TC_09 -->
</testsuite> <!-- MTMAutomation.DispatchTest.MTMDispatchTest -->
