<?xml version="1.0" encoding="UTF-8"?>
<!-- Generated by org.testng.reporters.JUnitReportReporter -->
<testsuite hostname="TL452" failures="0" tests="1" name="MTMAutomation.DispatchTest.SampleTest" time="20.420" errors="0" timestamp="2025-05-05T15:58:50 IST" skipped="0">
  <testcase classname="MTMAutomation.DispatchTest.SampleTest" name="google" time="20.420"/>
</testsuite> <!-- MTMAutomation.DispatchTest.SampleTest -->
