<?xml version="1.0" encoding="UTF-8"?>
<!-- Generated by org.testng.reporters.JUnitReportReporter -->
<testsuite hostname="TL282" failures="0" tests="1" name="MTMAutomation.DispatchTest.MTMDispatchTest" time="130.012" errors="0" timestamp="2025-03-29T02:51:55 IST" skipped="0">
  <testcase classname="MTMAutomation.DispatchTest.MTMDispatchTest" name="toVerifyTimeFrameFilter" time="130.012"/>
</testsuite> <!-- MTMAutomation.DispatchTest.MTMDispatchTest -->
