<?xml version="1.0" encoding="UTF-8"?>
<!-- Generated by org.testng.reporters.JUnitReportReporter -->
<testsuite hostname="TL452" failures="0" tests="5" name="MTMAutomation.DispatchTest.MTMDispatchTest" time="259.521" errors="0" timestamp="2025-05-05T15:08:03 IST" skipped="4">
  <testcase classname="MTMAutomation.DispatchTest.MTMDispatchTest" name="ClearAllButtonFunctionality" time="259.521"/>
  <testcase classname="MTMAutomation.DispatchTest.MTMDispatchTest" name="verifyUserLogin_TC_01">
    <skipped/>
  </testcase> <!-- verifyUserLogin_TC_01 -->
  <testcase classname="MTMAutomation.DispatchTest.MTMDispatchTest" name="verifyOLOSSearch_TC_08">
    <skipped/>
  </testcase> <!-- verifyOLOSSearch_TC_08 -->
  <testcase classname="MTMAutomation.DispatchTest.MTMDispatchTest" name="verifySignOut_TC_09">
    <skipped/>
  </testcase> <!-- verifySignOut_TC_09 -->
  <testcase classname="MTMAutomation.DispatchTest.MTMDispatchTest" name="verfiyLocationOfTheTips">
    <skipped/>
  </testcase> <!-- verfiyLocationOfTheTips -->
</testsuite> <!-- MTMAutomation.DispatchTest.MTMDispatchTest -->
