<?xml version="1.0" encoding="UTF-8"?>
<!-- Generated by org.testng.reporters.JUnitReportReporter -->
<testsuite hostname="TL282" failures="0" tests="2" name="MTMAutomation.DispatchTest.MTMDispatchTest" time="53.622" errors="0" timestamp="2025-04-10T01:15:52 IST" skipped="1">
  <testcase classname="MTMAutomation.DispatchTest.MTMDispatchTest" name="verifyOLOSSearch_TC_08" time="53.622"/>
  <testcase classname="MTMAutomation.DispatchTest.MTMDispatchTest" name="verifySignOut_TC_09">
    <skipped/>
  </testcase> <!-- verifySignOut_TC_09 -->
</testsuite> <!-- MTMAutomation.DispatchTest.MTMDispatchTest -->
