<?xml version="1.0" encoding="UTF-8"?>
<!-- Generated by org.testng.reporters.JUnitReportReporter -->
<testsuite hostname="TL513" failures="0" tests="1" name="MTMAutomation.DispatchTest.LoginTest" time="90.922" errors="0" timestamp="2025-03-24T14:52:21 IST" skipped="0">
  <testcase classname="MTMAutomation.DispatchTest.LoginTest" name="verifyLYFTSearch_TC_05" time="90.922"/>
</testsuite> <!-- MTMAutomation.DispatchTest.LoginTest -->
