<?xml version="1.0" encoding="UTF-8"?>
<!-- Generated by org.testng.reporters.JUnitReportReporter -->
<testsuite hostname="TL513" failures="0" tests="1" name="MTMAutomation.DispatchTest.MTMTest" time="95.241" errors="0" timestamp="2025-03-20T17:02:11 IST" skipped="0">
  <testcase classname="MTMAutomation.DispatchTest.MTMTest" name="verifyUserLogin" time="95.241"/>
</testsuite> <!-- MTMAutomation.DispatchTest.MTMTest -->
