<?xml version="1.0" encoding="UTF-8"?>
<!-- Generated by org.testng.reporters.JUnitReportReporter -->
<testsuite hostname="TL282" failures="0" tests="1" name="MTMAutomation.DispatchTest.MTMTest" time="49.617" errors="0" timestamp="2025-03-24T18:06:22 IST" skipped="0">
  <testcase classname="MTMAutomation.DispatchTest.MTMTest" name="verifyTabsOnHomePage" time="49.617"/>
</testsuite> <!-- MTMAutomation.DispatchTest.MTMTest -->
