<?xml version="1.0" encoding="UTF-8"?>
<!-- Generated by org.testng.reporters.JUnitReportReporter -->
<testsuite hostname="TL282" failures="0" tests="1" name="MTMAutomation.DispatchTest.SampleTest" time="20.584" errors="0" timestamp="2025-04-23T14:42:26 IST" skipped="0">
  <testcase classname="MTMAutomation.DispatchTest.SampleTest" name="google" time="20.584"/>
</testsuite> <!-- MTMAutomation.DispatchTest.SampleTest -->
