<?xml version="1.0" encoding="UTF-8"?>
<!-- Generated by org.testng.reporters.JUnitReportReporter -->
<testsuite hostname="TL282" failures="0" tests="1" name="MTMAutomation.DispatchTest.MTMDispatchTest" time="89.013" errors="0" timestamp="2025-03-27T12:22:21 IST" skipped="0">
  <testcase classname="MTMAutomation.DispatchTest.MTMDispatchTest" name="verifyTabsOnHomePage" time="89.013"/>
</testsuite> <!-- MTMAutomation.DispatchTest.MTMDispatchTest -->
