<?xml version="1.0" encoding="UTF-8"?>
<!-- Generated by org.testng.reporters.JUnitReportReporter -->
<testsuite hostname="TL282" failures="0" tests="3" name="MTMAutomation.DispatchTest.MTMDispatchTest" time="120.469" errors="0" timestamp="2025-04-10T02:08:35 IST" skipped="2">
  <testcase classname="MTMAutomation.DispatchTest.MTMDispatchTest" name="verfiyLocationOfTheTips" time="120.469"/>
  <testcase classname="MTMAutomation.DispatchTest.MTMDispatchTest" name="verifySignOut_TC_09">
    <skipped/>
  </testcase> <!-- verifySignOut_TC_09 -->
  <testcase classname="MTMAutomation.DispatchTest.MTMDispatchTest" name="verifyOLOSSearch_TC_08">
    <skipped/>
  </testcase> <!-- verifyOLOSSearch_TC_08 -->
</testsuite> <!-- MTMAutomation.DispatchTest.MTMDispatchTest -->
