<?xml version="1.0" encoding="UTF-8"?>
<!-- Generated by org.testng.reporters.JUnitReportReporter -->
<testsuite hostname="TL282" failures="0" tests="1" name="MTMAutomation.DispatchTest.MTMDispatchTest" time="63.390" errors="0" timestamp="2025-03-24T16:26:31 IST" skipped="0">
  <testcase classname="MTMAutomation.DispatchTest.MTMDispatchTest" name="navigationBetweenTabs" time="63.390"/>
</testsuite> <!-- MTMAutomation.DispatchTest.MTMDispatchTest -->
