<?xml version="1.0" encoding="UTF-8"?>
<!-- Generated by org.testng.reporters.JUnitReportReporter -->
<testsuite hostname="TL282" failures="0" tests="1" name="MTMAutomation.DispatchTest.MTMDispatchTest" time="102.840" errors="0" timestamp="2025-04-10T16:16:01 IST" skipped="0">
  <testcase classname="MTMAutomation.DispatchTest.MTMDispatchTest" name="toVerifyTimeFrameFilter" time="102.840"/>
</testsuite> <!-- MTMAutomation.DispatchTest.MTMDispatchTest -->
